{"/Users/cimyan/Desktop/red_tetris/client/src/components/GameOver.js": {"path":"/Users/cimyan/Desktop/red_tetris/client/src/components/GameOver.js","statementMap":{"0":{"start":{"line":6,"column":29},"end":{"line":18,"column":1}},"1":{"start":{"line":20,"column":33},"end":{"line":67,"column":1}},"2":{"start":{"line":70,"column":4},"end":{"line":193,"column":6}}},"fnMap":{"0":{"name":"GameOver","decl":{"start":{"line":69,"column":24},"end":{"line":69,"column":32}},"loc":{"start":{"line":69,"column":80},"end":{"line":194,"column":1}},"line":69}},"branchMap":{"0":{"loc":{"start":{"line":73,"column":17},"end":{"line":86,"column":17}},"type":"cond-expr","locations":[{"start":{"line":74,"column":20},"end":{"line":79,"column":22}},{"start":{"line":80,"column":21},"end":{"line":85,"column":23}}],"line":73},"1":{"loc":{"start":{"line":80,"column":21},"end":{"line":85,"column":23}},"type":"cond-expr","locations":[{"start":{"line":80,"column":36},"end":{"line":85,"column":18}},{"start":{"line":85,"column":21},"end":{"line":85,"column":23}}],"line":80},"2":{"loc":{"start":{"line":88,"column":17},"end":{"line":106,"column":17}},"type":"cond-expr","locations":[{"start":{"line":89,"column":20},"end":{"line":96,"column":26}},{"start":{"line":97,"column":21},"end":{"line":104,"column":27}}],"line":88},"3":{"loc":{"start":{"line":92,"column":29},"end":{"line":93,"column":110}},"type":"cond-expr","locations":[{"start":{"line":93,"column":32},"end":{"line":93,"column":65}},{"start":{"line":93,"column":68},"end":{"line":93,"column":110}}],"line":92},"4":{"loc":{"start":{"line":97,"column":21},"end":{"line":104,"column":27}},"type":"cond-expr","locations":[{"start":{"line":97,"column":36},"end":{"line":104,"column":22}},{"start":{"line":104,"column":25},"end":{"line":104,"column":27}}],"line":97},"5":{"loc":{"start":{"line":100,"column":25},"end":{"line":101,"column":106}},"type":"cond-expr","locations":[{"start":{"line":101,"column":28},"end":{"line":101,"column":61}},{"start":{"line":101,"column":64},"end":{"line":101,"column":106}}],"line":100},"6":{"loc":{"start":{"line":108,"column":17},"end":{"line":190,"column":17}},"type":"cond-expr","locations":[{"start":{"line":109,"column":20},"end":{"line":187,"column":26}},{"start":{"line":189,"column":20},"end":{"line":189,"column":22}}],"line":108},"7":{"loc":{"start":{"line":108,"column":17},"end":{"line":108,"column":54}},"type":"binary-expr","locations":[{"start":{"line":108,"column":17},"end":{"line":108,"column":22}},{"start":{"line":108,"column":27},"end":{"line":108,"column":36}},{"start":{"line":108,"column":40},"end":{"line":108,"column":53}}],"line":108},"8":{"loc":{"start":{"line":180,"column":25},"end":{"line":186,"column":25}},"type":"cond-expr","locations":[{"start":{"line":181,"column":28},"end":{"line":181,"column":75}},{"start":{"line":183,"column":28},"end":{"line":185,"column":33}}],"line":180}},"s":{"0":2,"1":2,"2":5},"f":{"0":5},"b":{"0":[1,4],"1":[0,4],"2":[1,4],"3":[1,0],"4":[0,4],"5":[0,0],"6":[3,2],"7":[5,3,3],"8":[1,2]},"_coverageSchema":"1a1c01bbd47fc00a2c39e90264f33305004495a9","hash":"1a645825f3698cd2a84211bdf83fc094608bfe81"}
,"/Users/cimyan/Desktop/red_tetris/client/src/components/UserAvatar.js": {"path":"/Users/cimyan/Desktop/red_tetris/client/src/components/UserAvatar.js","statementMap":{"0":{"start":{"line":3,"column":21},"end":{"line":20,"column":1}},"1":{"start":{"line":7,"column":35},"end":{"line":7,"column":67}},"2":{"start":{"line":8,"column":35},"end":{"line":8,"column":62}},"3":{"start":{"line":13,"column":32},"end":{"line":13,"column":66}},"4":{"start":{"line":15,"column":34},"end":{"line":15,"column":64}},"5":{"start":{"line":16,"column":34},"end":{"line":16,"column":70}},"6":{"start":{"line":17,"column":37},"end":{"line":17,"column":76}},"7":{"start":{"line":18,"column":28},"end":{"line":18,"column":59}},"8":{"start":{"line":22,"column":15},"end":{"line":32,"column":1}},"9":{"start":{"line":23,"column":4},"end":{"line":31,"column":6}}},"fnMap":{"0":{"name":"(anonymous_0)","decl":{"start":{"line":7,"column":24},"end":{"line":7,"column":25}},"loc":{"start":{"line":7,"column":35},"end":{"line":7,"column":67}},"line":7},"1":{"name":"(anonymous_1)","decl":{"start":{"line":8,"column":24},"end":{"line":8,"column":25}},"loc":{"start":{"line":8,"column":35},"end":{"line":8,"column":62}},"line":8},"2":{"name":"(anonymous_2)","decl":{"start":{"line":13,"column":21},"end":{"line":13,"column":22}},"loc":{"start":{"line":13,"column":32},"end":{"line":13,"column":66}},"line":13},"3":{"name":"(anonymous_3)","decl":{"start":{"line":15,"column":23},"end":{"line":15,"column":24}},"loc":{"start":{"line":15,"column":34},"end":{"line":15,"column":64}},"line":15},"4":{"name":"(anonymous_4)","decl":{"start":{"line":16,"column":23},"end":{"line":16,"column":24}},"loc":{"start":{"line":16,"column":34},"end":{"line":16,"column":70}},"line":16},"5":{"name":"(anonymous_5)","decl":{"start":{"line":17,"column":26},"end":{"line":17,"column":27}},"loc":{"start":{"line":17,"column":37},"end":{"line":17,"column":76}},"line":17},"6":{"name":"(anonymous_6)","decl":{"start":{"line":18,"column":17},"end":{"line":18,"column":18}},"loc":{"start":{"line":18,"column":28},"end":{"line":18,"column":59}},"line":18},"7":{"name":"(anonymous_7)","decl":{"start":{"line":22,"column":15},"end":{"line":22,"column":16}},"loc":{"start":{"line":22,"column":31},"end":{"line":32,"column":1}},"line":22}},"branchMap":{},"s":{"0":3,"1":6,"2":6,"3":6,"4":6,"5":6,"6":6,"7":6,"8":3,"9":6},"f":{"0":6,"1":6,"2":6,"3":6,"4":6,"5":6,"6":6,"7":6},"b":{},"_coverageSchema":"1a1c01bbd47fc00a2c39e90264f33305004495a9","hash":"1940ea78c35a7837bd4ac4f64edd8a6624152323"}
,"/Users/cimyan/Desktop/red_tetris/client/src/components/UserCard.js": {"path":"/Users/cimyan/Desktop/red_tetris/client/src/components/UserCard.js","statementMap":{"0":{"start":{"line":5,"column":23},"end":{"line":19,"column":1}},"1":{"start":{"line":12,"column":32},"end":{"line":12,"column":66}},"2":{"start":{"line":14,"column":34},"end":{"line":14,"column":64}},"3":{"start":{"line":15,"column":34},"end":{"line":15,"column":70}},"4":{"start":{"line":16,"column":37},"end":{"line":16,"column":76}},"5":{"start":{"line":21,"column":17},"end":{"line":29,"column":1}},"6":{"start":{"line":22,"column":4},"end":{"line":28,"column":6}}},"fnMap":{"0":{"name":"(anonymous_0)","decl":{"start":{"line":12,"column":21},"end":{"line":12,"column":22}},"loc":{"start":{"line":12,"column":32},"end":{"line":12,"column":66}},"line":12},"1":{"name":"(anonymous_1)","decl":{"start":{"line":14,"column":23},"end":{"line":14,"column":24}},"loc":{"start":{"line":14,"column":34},"end":{"line":14,"column":64}},"line":14},"2":{"name":"(anonymous_2)","decl":{"start":{"line":15,"column":23},"end":{"line":15,"column":24}},"loc":{"start":{"line":15,"column":34},"end":{"line":15,"column":70}},"line":15},"3":{"name":"(anonymous_3)","decl":{"start":{"line":16,"column":26},"end":{"line":16,"column":27}},"loc":{"start":{"line":16,"column":37},"end":{"line":16,"column":76}},"line":16},"4":{"name":"(anonymous_4)","decl":{"start":{"line":21,"column":17},"end":{"line":21,"column":18}},"loc":{"start":{"line":21,"column":33},"end":{"line":29,"column":1}},"line":21}},"branchMap":{},"s":{"0":2,"1":3,"2":3,"3":3,"4":3,"5":2,"6":3},"f":{"0":3,"1":3,"2":3,"3":3,"4":3},"b":{},"_coverageSchema":"1a1c01bbd47fc00a2c39e90264f33305004495a9","hash":"c15f8e20e233db6866c3cbef7480ea1616f0b43f"}
,"/Users/cimyan/Desktop/red_tetris/client/src/components/Chat/Chat.js": {"path":"/Users/cimyan/Desktop/red_tetris/client/src/components/Chat/Chat.js","statementMap":{"0":{"start":{"line":9,"column":19},"end":{"line":71,"column":1}},"1":{"start":{"line":14,"column":35},"end":{"line":14,"column":69}},"2":{"start":{"line":21,"column":32},"end":{"line":21,"column":66}},"3":{"start":{"line":22,"column":30},"end":{"line":22,"column":63}},"4":{"start":{"line":23,"column":34},"end":{"line":23,"column":64}},"5":{"start":{"line":24,"column":34},"end":{"line":24,"column":70}},"6":{"start":{"line":25,"column":37},"end":{"line":25,"column":76}},"7":{"start":{"line":26,"column":28},"end":{"line":26,"column":59}},"8":{"start":{"line":73,"column":13},"end":{"line":125,"column":1}},"9":{"start":{"line":74,"column":34},"end":{"line":74,"column":46}},"10":{"start":{"line":76,"column":44},"end":{"line":76,"column":58}},"11":{"start":{"line":77,"column":21},"end":{"line":77,"column":34}},"12":{"start":{"line":79,"column":28},"end":{"line":88,"column":5}},"13":{"start":{"line":80,"column":22},"end":{"line":80,"column":34}},"14":{"start":{"line":81,"column":8},"end":{"line":87,"column":72}},"15":{"start":{"line":82,"column":12},"end":{"line":82,"column":36}},"16":{"start":{"line":83,"column":13},"end":{"line":87,"column":72}},"17":{"start":{"line":84,"column":12},"end":{"line":84,"column":43}},"18":{"start":{"line":85,"column":12},"end":{"line":85,"column":27}},"19":{"start":{"line":86,"column":12},"end":{"line":86,"column":32}},"20":{"start":{"line":87,"column":15},"end":{"line":87,"column":72}},"21":{"start":{"line":89,"column":4},"end":{"line":124,"column":6}},"22":{"start":{"line":93,"column":20},"end":{"line":95,"column":26}},"23":{"start":{"line":116,"column":41},"end":{"line":116,"column":67}},"24":{"start":{"line":118,"column":43},"end":{"line":118,"column":67}}},"fnMap":{"0":{"name":"(anonymous_0)","decl":{"start":{"line":14,"column":24},"end":{"line":14,"column":25}},"loc":{"start":{"line":14,"column":35},"end":{"line":14,"column":69}},"line":14},"1":{"name":"(anonymous_1)","decl":{"start":{"line":21,"column":21},"end":{"line":21,"column":22}},"loc":{"start":{"line":21,"column":32},"end":{"line":21,"column":66}},"line":21},"2":{"name":"(anonymous_2)","decl":{"start":{"line":22,"column":19},"end":{"line":22,"column":20}},"loc":{"start":{"line":22,"column":30},"end":{"line":22,"column":63}},"line":22},"3":{"name":"(anonymous_3)","decl":{"start":{"line":23,"column":23},"end":{"line":23,"column":24}},"loc":{"start":{"line":23,"column":34},"end":{"line":23,"column":64}},"line":23},"4":{"name":"(anonymous_4)","decl":{"start":{"line":24,"column":23},"end":{"line":24,"column":24}},"loc":{"start":{"line":24,"column":34},"end":{"line":24,"column":70}},"line":24},"5":{"name":"(anonymous_5)","decl":{"start":{"line":25,"column":26},"end":{"line":25,"column":27}},"loc":{"start":{"line":25,"column":37},"end":{"line":25,"column":76}},"line":25},"6":{"name":"(anonymous_6)","decl":{"start":{"line":26,"column":17},"end":{"line":26,"column":18}},"loc":{"start":{"line":26,"column":28},"end":{"line":26,"column":59}},"line":26},"7":{"name":"(anonymous_7)","decl":{"start":{"line":73,"column":13},"end":{"line":73,"column":14}},"loc":{"start":{"line":73,"column":38},"end":{"line":125,"column":1}},"line":73},"8":{"name":"(anonymous_8)","decl":{"start":{"line":79,"column":28},"end":{"line":79,"column":29}},"loc":{"start":{"line":79,"column":34},"end":{"line":88,"column":5}},"line":79},"9":{"name":"(anonymous_9)","decl":{"start":{"line":92,"column":30},"end":{"line":92,"column":31}},"loc":{"start":{"line":93,"column":20},"end":{"line":95,"column":26}},"line":93},"10":{"name":"(anonymous_10)","decl":{"start":{"line":116,"column":34},"end":{"line":116,"column":35}},"loc":{"start":{"line":116,"column":41},"end":{"line":116,"column":67}},"line":116},"11":{"name":"(anonymous_11)","decl":{"start":{"line":118,"column":37},"end":{"line":118,"column":38}},"loc":{"start":{"line":118,"column":43},"end":{"line":118,"column":67}},"line":118}},"branchMap":{"0":{"loc":{"start":{"line":81,"column":8},"end":{"line":87,"column":72}},"type":"if","locations":[{"start":{"line":81,"column":8},"end":{"line":87,"column":72}},{"start":{"line":83,"column":13},"end":{"line":87,"column":72}}],"line":81},"1":{"loc":{"start":{"line":81,"column":12},"end":{"line":81,"column":38}},"type":"binary-expr","locations":[{"start":{"line":81,"column":12},"end":{"line":81,"column":20}},{"start":{"line":81,"column":24},"end":{"line":81,"column":38}}],"line":81},"2":{"loc":{"start":{"line":83,"column":13},"end":{"line":87,"column":72}},"type":"if","locations":[{"start":{"line":83,"column":13},"end":{"line":87,"column":72}},{"start":{"line":87,"column":15},"end":{"line":87,"column":72}}],"line":83}},"s":{"0":1,"1":1,"2":1,"3":1,"4":1,"5":1,"6":1,"7":1,"8":1,"9":1,"10":1,"11":1,"12":1,"13":0,"14":0,"15":0,"16":0,"17":0,"18":0,"19":0,"20":0,"21":1,"22":2,"23":0,"24":0},"f":{"0":1,"1":1,"2":1,"3":1,"4":1,"5":1,"6":1,"7":1,"8":0,"9":2,"10":0,"11":0},"b":{"0":[0,0],"1":[0,0],"2":[0,0]},"_coverageSchema":"1a1c01bbd47fc00a2c39e90264f33305004495a9","hash":"916239601153dfada73c38e7e46cd4f04f5f8dfb"}
,"/Users/cimyan/Desktop/red_tetris/client/src/components/Info/Info.js": {"path":"/Users/cimyan/Desktop/red_tetris/client/src/components/Info/Info.js","statementMap":{"0":{"start":{"line":4,"column":19},"end":{"line":12,"column":1}},"1":{"start":{"line":8,"column":35},"end":{"line":8,"column":69}},"2":{"start":{"line":14,"column":22},"end":{"line":44,"column":1}},"3":{"start":{"line":22,"column":32},"end":{"line":22,"column":66}},"4":{"start":{"line":23,"column":30},"end":{"line":23,"column":63}},"5":{"start":{"line":24,"column":34},"end":{"line":24,"column":64}},"6":{"start":{"line":25,"column":34},"end":{"line":25,"column":70}},"7":{"start":{"line":26,"column":37},"end":{"line":26,"column":76}},"8":{"start":{"line":27,"column":28},"end":{"line":27,"column":59}},"9":{"start":{"line":46,"column":20},"end":{"line":97,"column":1}},"10":{"start":{"line":54,"column":32},"end":{"line":54,"column":66}},"11":{"start":{"line":55,"column":30},"end":{"line":55,"column":63}},"12":{"start":{"line":56,"column":34},"end":{"line":56,"column":64}},"13":{"start":{"line":57,"column":34},"end":{"line":57,"column":70}},"14":{"start":{"line":58,"column":37},"end":{"line":58,"column":76}},"15":{"start":{"line":59,"column":28},"end":{"line":59,"column":59}},"16":{"start":{"line":80,"column":34},"end":{"line":80,"column":66}},"17":{"start":{"line":81,"column":37},"end":{"line":81,"column":72}},"18":{"start":{"line":82,"column":28},"end":{"line":82,"column":55}},"19":{"start":{"line":91,"column":34},"end":{"line":91,"column":66}},"20":{"start":{"line":92,"column":37},"end":{"line":92,"column":72}},"21":{"start":{"line":93,"column":28},"end":{"line":93,"column":55}},"22":{"start":{"line":99,"column":26},"end":{"line":118,"column":1}},"23":{"start":{"line":102,"column":47},"end":{"line":102,"column":58}},"24":{"start":{"line":104,"column":21},"end":{"line":104,"column":33}},"25":{"start":{"line":105,"column":34},"end":{"line":105,"column":45}},"26":{"start":{"line":110,"column":51},"end":{"line":110,"column":62}},"27":{"start":{"line":112,"column":25},"end":{"line":112,"column":37}},"28":{"start":{"line":113,"column":38},"end":{"line":113,"column":49}},"29":{"start":{"line":120,"column":13},"end":{"line":148,"column":1}},"30":{"start":{"line":121,"column":4},"end":{"line":147,"column":6}},"31":{"start":{"line":138,"column":32},"end":{"line":140,"column":34}},"32":{"start":{"line":139,"column":36},"end":{"line":139,"column":71}}},"fnMap":{"0":{"name":"(anonymous_0)","decl":{"start":{"line":8,"column":24},"end":{"line":8,"column":25}},"loc":{"start":{"line":8,"column":35},"end":{"line":8,"column":69}},"line":8},"1":{"name":"(anonymous_1)","decl":{"start":{"line":22,"column":21},"end":{"line":22,"column":22}},"loc":{"start":{"line":22,"column":32},"end":{"line":22,"column":66}},"line":22},"2":{"name":"(anonymous_2)","decl":{"start":{"line":23,"column":19},"end":{"line":23,"column":20}},"loc":{"start":{"line":23,"column":30},"end":{"line":23,"column":63}},"line":23},"3":{"name":"(anonymous_3)","decl":{"start":{"line":24,"column":23},"end":{"line":24,"column":24}},"loc":{"start":{"line":24,"column":34},"end":{"line":24,"column":64}},"line":24},"4":{"name":"(anonymous_4)","decl":{"start":{"line":25,"column":23},"end":{"line":25,"column":24}},"loc":{"start":{"line":25,"column":34},"end":{"line":25,"column":70}},"line":25},"5":{"name":"(anonymous_5)","decl":{"start":{"line":26,"column":26},"end":{"line":26,"column":27}},"loc":{"start":{"line":26,"column":37},"end":{"line":26,"column":76}},"line":26},"6":{"name":"(anonymous_6)","decl":{"start":{"line":27,"column":17},"end":{"line":27,"column":18}},"loc":{"start":{"line":27,"column":28},"end":{"line":27,"column":59}},"line":27},"7":{"name":"(anonymous_7)","decl":{"start":{"line":54,"column":21},"end":{"line":54,"column":22}},"loc":{"start":{"line":54,"column":32},"end":{"line":54,"column":66}},"line":54},"8":{"name":"(anonymous_8)","decl":{"start":{"line":55,"column":19},"end":{"line":55,"column":20}},"loc":{"start":{"line":55,"column":30},"end":{"line":55,"column":63}},"line":55},"9":{"name":"(anonymous_9)","decl":{"start":{"line":56,"column":23},"end":{"line":56,"column":24}},"loc":{"start":{"line":56,"column":34},"end":{"line":56,"column":64}},"line":56},"10":{"name":"(anonymous_10)","decl":{"start":{"line":57,"column":23},"end":{"line":57,"column":24}},"loc":{"start":{"line":57,"column":34},"end":{"line":57,"column":70}},"line":57},"11":{"name":"(anonymous_11)","decl":{"start":{"line":58,"column":26},"end":{"line":58,"column":27}},"loc":{"start":{"line":58,"column":37},"end":{"line":58,"column":76}},"line":58},"12":{"name":"(anonymous_12)","decl":{"start":{"line":59,"column":17},"end":{"line":59,"column":18}},"loc":{"start":{"line":59,"column":28},"end":{"line":59,"column":59}},"line":59},"13":{"name":"(anonymous_13)","decl":{"start":{"line":80,"column":23},"end":{"line":80,"column":24}},"loc":{"start":{"line":80,"column":34},"end":{"line":80,"column":66}},"line":80},"14":{"name":"(anonymous_14)","decl":{"start":{"line":81,"column":26},"end":{"line":81,"column":27}},"loc":{"start":{"line":81,"column":37},"end":{"line":81,"column":72}},"line":81},"15":{"name":"(anonymous_15)","decl":{"start":{"line":82,"column":17},"end":{"line":82,"column":18}},"loc":{"start":{"line":82,"column":28},"end":{"line":82,"column":55}},"line":82},"16":{"name":"(anonymous_16)","decl":{"start":{"line":91,"column":23},"end":{"line":91,"column":24}},"loc":{"start":{"line":91,"column":34},"end":{"line":91,"column":66}},"line":91},"17":{"name":"(anonymous_17)","decl":{"start":{"line":92,"column":26},"end":{"line":92,"column":27}},"loc":{"start":{"line":92,"column":37},"end":{"line":92,"column":72}},"line":92},"18":{"name":"(anonymous_18)","decl":{"start":{"line":93,"column":17},"end":{"line":93,"column":18}},"loc":{"start":{"line":93,"column":28},"end":{"line":93,"column":55}},"line":93},"19":{"name":"(anonymous_19)","decl":{"start":{"line":102,"column":36},"end":{"line":102,"column":37}},"loc":{"start":{"line":102,"column":47},"end":{"line":102,"column":58}},"line":102},"20":{"name":"(anonymous_20)","decl":{"start":{"line":104,"column":10},"end":{"line":104,"column":11}},"loc":{"start":{"line":104,"column":21},"end":{"line":104,"column":33}},"line":104},"21":{"name":"(anonymous_21)","decl":{"start":{"line":105,"column":23},"end":{"line":105,"column":24}},"loc":{"start":{"line":105,"column":34},"end":{"line":105,"column":45}},"line":105},"22":{"name":"(anonymous_22)","decl":{"start":{"line":110,"column":40},"end":{"line":110,"column":41}},"loc":{"start":{"line":110,"column":51},"end":{"line":110,"column":62}},"line":110},"23":{"name":"(anonymous_23)","decl":{"start":{"line":112,"column":14},"end":{"line":112,"column":15}},"loc":{"start":{"line":112,"column":25},"end":{"line":112,"column":37}},"line":112},"24":{"name":"(anonymous_24)","decl":{"start":{"line":113,"column":27},"end":{"line":113,"column":28}},"loc":{"start":{"line":113,"column":38},"end":{"line":113,"column":49}},"line":113},"25":{"name":"(anonymous_25)","decl":{"start":{"line":120,"column":13},"end":{"line":120,"column":14}},"loc":{"start":{"line":120,"column":52},"end":{"line":148,"column":1}},"line":120},"26":{"name":"(anonymous_26)","decl":{"start":{"line":137,"column":43},"end":{"line":137,"column":44}},"loc":{"start":{"line":138,"column":32},"end":{"line":140,"column":34}},"line":138},"27":{"name":"(anonymous_27)","decl":{"start":{"line":138,"column":40},"end":{"line":138,"column":41}},"loc":{"start":{"line":139,"column":36},"end":{"line":139,"column":71}},"line":139}},"branchMap":{},"s":{"0":1,"1":1,"2":1,"3":1,"4":1,"5":1,"6":1,"7":1,"8":1,"9":1,"10":1,"11":1,"12":1,"13":1,"14":1,"15":1,"16":1,"17":1,"18":1,"19":1,"20":1,"21":1,"22":1,"23":1,"24":1,"25":1,"26":1,"27":1,"28":1,"29":1,"30":1,"31":4,"32":16},"f":{"0":1,"1":1,"2":1,"3":1,"4":1,"5":1,"6":1,"7":1,"8":1,"9":1,"10":1,"11":1,"12":1,"13":1,"14":1,"15":1,"16":1,"17":1,"18":1,"19":1,"20":1,"21":1,"22":1,"23":1,"24":1,"25":1,"26":4,"27":16},"b":{},"_coverageSchema":"1a1c01bbd47fc00a2c39e90264f33305004495a9","hash":"3cd46fc5e72973d29962e867c1d2c8089cccfe3c"}
,"/Users/cimyan/Desktop/red_tetris/client/src/components/Info/NextCell.js": {"path":"/Users/cimyan/Desktop/red_tetris/client/src/components/Info/NextCell.js","statementMap":{"0":{"start":{"line":5,"column":23},"end":{"line":13,"column":1}},"1":{"start":{"line":8,"column":22},"end":{"line":8,"column":69}},"2":{"start":{"line":10,"column":26},"end":{"line":10,"column":66}},"3":{"start":{"line":11,"column":42},"end":{"line":11,"column":53}},"4":{"start":{"line":12,"column":40},"end":{"line":12,"column":51}},"5":{"start":{"line":16,"column":13},"end":{"line":21,"column":1}},"6":{"start":{"line":17,"column":4},"end":{"line":20,"column":22}}},"fnMap":{"0":{"name":"(anonymous_0)","decl":{"start":{"line":8,"column":10},"end":{"line":8,"column":11}},"loc":{"start":{"line":8,"column":22},"end":{"line":8,"column":69}},"line":8},"1":{"name":"(anonymous_1)","decl":{"start":{"line":10,"column":14},"end":{"line":10,"column":15}},"loc":{"start":{"line":10,"column":26},"end":{"line":10,"column":66}},"line":10},"2":{"name":"(anonymous_2)","decl":{"start":{"line":11,"column":31},"end":{"line":11,"column":32}},"loc":{"start":{"line":11,"column":42},"end":{"line":11,"column":53}},"line":11},"3":{"name":"(anonymous_3)","decl":{"start":{"line":12,"column":29},"end":{"line":12,"column":30}},"loc":{"start":{"line":12,"column":40},"end":{"line":12,"column":51}},"line":12},"4":{"name":"(anonymous_4)","decl":{"start":{"line":16,"column":13},"end":{"line":16,"column":14}},"loc":{"start":{"line":17,"column":4},"end":{"line":20,"column":22}},"line":17}},"branchMap":{"0":{"loc":{"start":{"line":8,"column":22},"end":{"line":8,"column":69}},"type":"cond-expr","locations":[{"start":{"line":8,"column":42},"end":{"line":8,"column":54}},{"start":{"line":8,"column":58},"end":{"line":8,"column":69}}],"line":8},"1":{"loc":{"start":{"line":10,"column":26},"end":{"line":10,"column":66}},"type":"cond-expr","locations":[{"start":{"line":10,"column":45},"end":{"line":10,"column":52}},{"start":{"line":10,"column":55},"end":{"line":10,"column":66}}],"line":10}},"s":{"0":2,"1":17,"2":17,"3":17,"4":17,"5":2,"6":17},"f":{"0":17,"1":17,"2":17,"3":17,"4":17},"b":{"0":[16,1],"1":[16,1]},"_coverageSchema":"1a1c01bbd47fc00a2c39e90264f33305004495a9","hash":"92397414df53a4cc7f067952223c85aaa437f5ff"}
,"/Users/cimyan/Desktop/red_tetris/client/src/components/NavBar/NavBar.js": {"path":"/Users/cimyan/Desktop/red_tetris/client/src/components/NavBar/NavBar.js","statementMap":{"0":{"start":{"line":6,"column":25},"end":{"line":85,"column":1}},"1":{"start":{"line":25,"column":38},"end":{"line":25,"column":67}},"2":{"start":{"line":29,"column":42},"end":{"line":29,"column":71}},"3":{"start":{"line":88,"column":15},"end":{"line":125,"column":1}},"4":{"start":{"line":89,"column":21},"end":{"line":89,"column":34}},"5":{"start":{"line":90,"column":42},"end":{"line":90,"column":78}},"6":{"start":{"line":90,"column":65},"end":{"line":90,"column":77}},"7":{"start":{"line":91,"column":22},"end":{"line":93,"column":5}},"8":{"start":{"line":92,"column":8},"end":{"line":92,"column":80}},"9":{"start":{"line":92,"column":22},"end":{"line":92,"column":80}},"10":{"start":{"line":94,"column":4},"end":{"line":124,"column":6}}},"fnMap":{"0":{"name":"(anonymous_0)","decl":{"start":{"line":25,"column":27},"end":{"line":25,"column":28}},"loc":{"start":{"line":25,"column":38},"end":{"line":25,"column":67}},"line":25},"1":{"name":"(anonymous_1)","decl":{"start":{"line":29,"column":31},"end":{"line":29,"column":32}},"loc":{"start":{"line":29,"column":42},"end":{"line":29,"column":71}},"line":29},"2":{"name":"(anonymous_2)","decl":{"start":{"line":88,"column":15},"end":{"line":88,"column":16}},"loc":{"start":{"line":88,"column":29},"end":{"line":125,"column":1}},"line":88},"3":{"name":"(anonymous_3)","decl":{"start":{"line":90,"column":54},"end":{"line":90,"column":55}},"loc":{"start":{"line":90,"column":65},"end":{"line":90,"column":77}},"line":90},"4":{"name":"(anonymous_4)","decl":{"start":{"line":91,"column":22},"end":{"line":91,"column":23}},"loc":{"start":{"line":91,"column":28},"end":{"line":93,"column":5}},"line":91}},"branchMap":{"0":{"loc":{"start":{"line":92,"column":8},"end":{"line":92,"column":80}},"type":"if","locations":[{"start":{"line":92,"column":8},"end":{"line":92,"column":80}},{"start":{},"end":{}}],"line":92}},"s":{"0":1,"1":2,"2":2,"3":1,"4":2,"5":2,"6":2,"7":2,"8":1,"9":1,"10":2},"f":{"0":2,"1":2,"2":2,"3":2,"4":1},"b":{"0":[1,0]},"_coverageSchema":"1a1c01bbd47fc00a2c39e90264f33305004495a9","hash":"e18bf8b06f33e1ea135af7db2b64c88404ca9535"}
,"/Users/cimyan/Desktop/red_tetris/client/src/components/OtherStages/OtherStages.js": {"path":"/Users/cimyan/Desktop/red_tetris/client/src/components/OtherStages/OtherStages.js","statementMap":{"0":{"start":{"line":5,"column":26},"end":{"line":44,"column":1}},"1":{"start":{"line":10,"column":35},"end":{"line":10,"column":69}},"2":{"start":{"line":16,"column":32},"end":{"line":16,"column":66}},"3":{"start":{"line":17,"column":30},"end":{"line":17,"column":63}},"4":{"start":{"line":18,"column":34},"end":{"line":18,"column":64}},"5":{"start":{"line":19,"column":34},"end":{"line":19,"column":70}},"6":{"start":{"line":20,"column":37},"end":{"line":20,"column":76}},"7":{"start":{"line":21,"column":28},"end":{"line":21,"column":59}},"8":{"start":{"line":37,"column":34},"end":{"line":37,"column":67}},"9":{"start":{"line":38,"column":38},"end":{"line":38,"column":68}},"10":{"start":{"line":39,"column":38},"end":{"line":39,"column":74}},"11":{"start":{"line":41,"column":32},"end":{"line":41,"column":63}},"12":{"start":{"line":46,"column":20},"end":{"line":73,"column":1}},"13":{"start":{"line":47,"column":17},"end":{"line":47,"column":62}},"14":{"start":{"line":47,"column":40},"end":{"line":47,"column":61}},"15":{"start":{"line":49,"column":4},"end":{"line":72,"column":6}},"16":{"start":{"line":54,"column":20},"end":{"line":68,"column":22}}},"fnMap":{"0":{"name":"(anonymous_0)","decl":{"start":{"line":10,"column":24},"end":{"line":10,"column":25}},"loc":{"start":{"line":10,"column":35},"end":{"line":10,"column":69}},"line":10},"1":{"name":"(anonymous_1)","decl":{"start":{"line":16,"column":21},"end":{"line":16,"column":22}},"loc":{"start":{"line":16,"column":32},"end":{"line":16,"column":66}},"line":16},"2":{"name":"(anonymous_2)","decl":{"start":{"line":17,"column":19},"end":{"line":17,"column":20}},"loc":{"start":{"line":17,"column":30},"end":{"line":17,"column":63}},"line":17},"3":{"name":"(anonymous_3)","decl":{"start":{"line":18,"column":23},"end":{"line":18,"column":24}},"loc":{"start":{"line":18,"column":34},"end":{"line":18,"column":64}},"line":18},"4":{"name":"(anonymous_4)","decl":{"start":{"line":19,"column":23},"end":{"line":19,"column":24}},"loc":{"start":{"line":19,"column":34},"end":{"line":19,"column":70}},"line":19},"5":{"name":"(anonymous_5)","decl":{"start":{"line":20,"column":26},"end":{"line":20,"column":27}},"loc":{"start":{"line":20,"column":37},"end":{"line":20,"column":76}},"line":20},"6":{"name":"(anonymous_6)","decl":{"start":{"line":21,"column":17},"end":{"line":21,"column":18}},"loc":{"start":{"line":21,"column":28},"end":{"line":21,"column":59}},"line":21},"7":{"name":"(anonymous_7)","decl":{"start":{"line":37,"column":23},"end":{"line":37,"column":24}},"loc":{"start":{"line":37,"column":34},"end":{"line":37,"column":67}},"line":37},"8":{"name":"(anonymous_8)","decl":{"start":{"line":38,"column":27},"end":{"line":38,"column":28}},"loc":{"start":{"line":38,"column":38},"end":{"line":38,"column":68}},"line":38},"9":{"name":"(anonymous_9)","decl":{"start":{"line":39,"column":27},"end":{"line":39,"column":28}},"loc":{"start":{"line":39,"column":38},"end":{"line":39,"column":74}},"line":39},"10":{"name":"(anonymous_10)","decl":{"start":{"line":41,"column":21},"end":{"line":41,"column":22}},"loc":{"start":{"line":41,"column":32},"end":{"line":41,"column":63}},"line":41},"11":{"name":"(anonymous_11)","decl":{"start":{"line":46,"column":20},"end":{"line":46,"column":21}},"loc":{"start":{"line":46,"column":32},"end":{"line":73,"column":1}},"line":46},"12":{"name":"(anonymous_12)","decl":{"start":{"line":47,"column":29},"end":{"line":47,"column":30}},"loc":{"start":{"line":47,"column":40},"end":{"line":47,"column":61}},"line":47},"13":{"name":"(anonymous_13)","decl":{"start":{"line":53,"column":35},"end":{"line":53,"column":36}},"loc":{"start":{"line":53,"column":47},"end":{"line":69,"column":17}},"line":53}},"branchMap":{"0":{"loc":{"start":{"line":55,"column":24},"end":{"line":67,"column":25}},"type":"binary-expr","locations":[{"start":{"line":55,"column":24},"end":{"line":55,"column":45}},{"start":{"line":56,"column":28},"end":{"line":66,"column":34}}],"line":55}},"s":{"0":1,"1":1,"2":1,"3":1,"4":1,"5":1,"6":1,"7":1,"8":1,"9":1,"10":1,"11":1,"12":1,"13":1,"14":1,"15":1,"16":1},"f":{"0":1,"1":1,"2":1,"3":1,"4":1,"5":1,"6":1,"7":1,"8":1,"9":1,"10":1,"11":1,"12":1,"13":1},"b":{"0":[1,1]},"_coverageSchema":"1a1c01bbd47fc00a2c39e90264f33305004495a9","hash":"973caa785dc7719a134ddcef6f6ae98bd1669403"}
,"/Users/cimyan/Desktop/red_tetris/client/src/components/StartButton/StartButton.js": {"path":"/Users/cimyan/Desktop/red_tetris/client/src/components/StartButton/StartButton.js","statementMap":{"0":{"start":{"line":6,"column":20},"end":{"line":11,"column":1}},"1":{"start":{"line":7,"column":4},"end":{"line":10,"column":24}}},"fnMap":{"0":{"name":"(anonymous_0)","decl":{"start":{"line":6,"column":20},"end":{"line":6,"column":21}},"loc":{"start":{"line":7,"column":4},"end":{"line":10,"column":24}},"line":7}},"branchMap":{},"s":{"0":2,"1":32},"f":{"0":32},"b":{},"_coverageSchema":"1a1c01bbd47fc00a2c39e90264f33305004495a9","hash":"9aaf7721f438a614b55dd98869faf24c307e19dc"}
,"/Users/cimyan/Desktop/red_tetris/client/src/components/Tetris/Stage.js": {"path":"/Users/cimyan/Desktop/red_tetris/client/src/components/Tetris/Stage.js","statementMap":{"0":{"start":{"line":7,"column":27},"end":{"line":13,"column":1}},"1":{"start":{"line":15,"column":24},"end":{"line":18,"column":1}},"2":{"start":{"line":20,"column":19},"end":{"line":31,"column":1}},"3":{"start":{"line":26,"column":34},"end":{"line":26,"column":45}},"4":{"start":{"line":28,"column":8},"end":{"line":30,"column":25}},"5":{"start":{"line":34,"column":19},"end":{"line":42,"column":1}},"6":{"start":{"line":35,"column":4},"end":{"line":41,"column":6}},"7":{"start":{"line":38,"column":16},"end":{"line":38,"column":71}},"8":{"start":{"line":44,"column":20},"end":{"line":46,"column":2}},"9":{"start":{"line":45,"column":4},"end":{"line":45,"column":79}},"10":{"start":{"line":48,"column":21},"end":{"line":56,"column":1}},"11":{"start":{"line":49,"column":4},"end":{"line":55,"column":6}},"12":{"start":{"line":52,"column":16},"end":{"line":52,"column":57}}},"fnMap":{"0":{"name":"(anonymous_0)","decl":{"start":{"line":26,"column":23},"end":{"line":26,"column":24}},"loc":{"start":{"line":26,"column":34},"end":{"line":26,"column":45}},"line":26},"1":{"name":"(anonymous_1)","decl":{"start":{"line":27,"column":14},"end":{"line":27,"column":15}},"loc":{"start":{"line":28,"column":8},"end":{"line":30,"column":25}},"line":28},"2":{"name":"(anonymous_2)","decl":{"start":{"line":34,"column":19},"end":{"line":34,"column":20}},"loc":{"start":{"line":34,"column":47},"end":{"line":42,"column":1}},"line":34},"3":{"name":"(anonymous_3)","decl":{"start":{"line":37,"column":21},"end":{"line":37,"column":22}},"loc":{"start":{"line":37,"column":38},"end":{"line":39,"column":13}},"line":37},"4":{"name":"(anonymous_4)","decl":{"start":{"line":44,"column":31},"end":{"line":44,"column":32}},"loc":{"start":{"line":44,"column":52},"end":{"line":46,"column":1}},"line":44},"5":{"name":"(anonymous_5)","decl":{"start":{"line":48,"column":21},"end":{"line":48,"column":22}},"loc":{"start":{"line":48,"column":36},"end":{"line":56,"column":1}},"line":48},"6":{"name":"(anonymous_6)","decl":{"start":{"line":51,"column":23},"end":{"line":51,"column":24}},"loc":{"start":{"line":52,"column":16},"end":{"line":52,"column":57}},"line":52}},"branchMap":{"0":{"loc":{"start":{"line":28,"column":8},"end":{"line":30,"column":25}},"type":"cond-expr","locations":[{"start":{"line":29,"column":14},"end":{"line":29,"column":55}},{"start":{"line":30,"column":14},"end":{"line":30,"column":25}}],"line":28}},"s":{"0":3,"1":3,"2":3,"3":840,"4":840,"5":3,"6":72,"7":840,"8":3,"9":840,"10":3,"11":4,"12":72},"f":{"0":840,"1":840,"2":72,"3":840,"4":840,"5":4,"6":72},"b":{"0":[840,0]},"_coverageSchema":"1a1c01bbd47fc00a2c39e90264f33305004495a9","hash":"0c9e2cb4fd865ac57574751afdf6f71818b8899c"}
,"/Users/cimyan/Desktop/red_tetris/client/src/store/slices/connectionSlice.js": {"path":"/Users/cimyan/Desktop/red_tetris/client/src/store/slices/connectionSlice.js","statementMap":{"0":{"start":{"line":3,"column":21},"end":{"line":6,"column":1}},"1":{"start":{"line":8,"column":24},"end":{"line":19,"column":2}},"2":{"start":{"line":13,"column":12},"end":{"line":13,"column":36}},"3":{"start":{"line":16,"column":12},"end":{"line":16,"column":35}},"4":{"start":{"line":21,"column":48},"end":{"line":21,"column":71}}},"fnMap":{"0":{"name":"(anonymous_0)","decl":{"start":{"line":12,"column":8},"end":{"line":12,"column":9}},"loc":{"start":{"line":12,"column":31},"end":{"line":14,"column":9}},"line":12},"1":{"name":"(anonymous_1)","decl":{"start":{"line":15,"column":8},"end":{"line":15,"column":9}},"loc":{"start":{"line":15,"column":27},"end":{"line":17,"column":9}},"line":15}},"branchMap":{},"s":{"0":5,"1":5,"2":1,"3":1,"4":5},"f":{"0":1,"1":1},"b":{},"_coverageSchema":"1a1c01bbd47fc00a2c39e90264f33305004495a9","hash":"9ba4e7cb1b23065d8eb6006f2d291467069abd1e"}
,"/Users/cimyan/Desktop/red_tetris/client/src/store/slices/playerSlice.js": {"path":"/Users/cimyan/Desktop/red_tetris/client/src/store/slices/playerSlice.js","statementMap":{"0":{"start":{"line":3,"column":27},"end":{"line":127,"column":2}},"1":{"start":{"line":23,"column":12},"end":{"line":23,"column":33}},"2":{"start":{"line":26,"column":12},"end":{"line":26,"column":53}},"3":{"start":{"line":27,"column":12},"end":{"line":27,"column":49}},"4":{"start":{"line":28,"column":12},"end":{"line":28,"column":34}},"5":{"start":{"line":31,"column":12},"end":{"line":31,"column":45}},"6":{"start":{"line":34,"column":12},"end":{"line":34,"column":47}},"7":{"start":{"line":35,"column":12},"end":{"line":35,"column":34}},"8":{"start":{"line":38,"column":12},"end":{"line":38,"column":33}},"9":{"start":{"line":41,"column":12},"end":{"line":41,"column":44}},"10":{"start":{"line":42,"column":12},"end":{"line":42,"column":34}},"11":{"start":{"line":45,"column":12},"end":{"line":46,"column":37}},"12":{"start":{"line":45,"column":38},"end":{"line":45,"column":57}},"13":{"start":{"line":46,"column":17},"end":{"line":46,"column":37}},"14":{"start":{"line":49,"column":12},"end":{"line":49,"column":33}},"15":{"start":{"line":52,"column":12},"end":{"line":52,"column":41}},"16":{"start":{"line":55,"column":12},"end":{"line":55,"column":57}},"17":{"start":{"line":58,"column":12},"end":{"line":58,"column":34}},"18":{"start":{"line":59,"column":12},"end":{"line":59,"column":35}},"19":{"start":{"line":60,"column":12},"end":{"line":60,"column":36}},"20":{"start":{"line":61,"column":12},"end":{"line":61,"column":30}},"21":{"start":{"line":64,"column":12},"end":{"line":64,"column":34}},"22":{"start":{"line":65,"column":12},"end":{"line":65,"column":35}},"23":{"start":{"line":66,"column":12},"end":{"line":66,"column":42}},"24":{"start":{"line":67,"column":12},"end":{"line":67,"column":36}},"25":{"start":{"line":70,"column":12},"end":{"line":70,"column":36}},"26":{"start":{"line":73,"column":12},"end":{"line":73,"column":33}},"27":{"start":{"line":77,"column":28},"end":{"line":77,"column":30}},"28":{"start":{"line":78,"column":12},"end":{"line":78,"column":74}},"29":{"start":{"line":84,"column":12},"end":{"line":95,"column":13}},"30":{"start":{"line":85,"column":16},"end":{"line":85,"column":50}},"31":{"start":{"line":87,"column":26},"end":{"line":89,"column":17}},"32":{"start":{"line":88,"column":29},"end":{"line":88,"column":69}},"33":{"start":{"line":90,"column":16},"end":{"line":94,"column":17}},"34":{"start":{"line":90,"column":38},"end":{"line":90,"column":74}},"35":{"start":{"line":92,"column":20},"end":{"line":92,"column":54}},"36":{"start":{"line":99,"column":12},"end":{"line":99,"column":54}},"37":{"start":{"line":100,"column":12},"end":{"line":100,"column":45}},"38":{"start":{"line":103,"column":12},"end":{"line":103,"column":34}},"39":{"start":{"line":106,"column":12},"end":{"line":106,"column":33}},"40":{"start":{"line":107,"column":12},"end":{"line":107,"column":31}},"41":{"start":{"line":108,"column":12},"end":{"line":108,"column":30}},"42":{"start":{"line":112,"column":12},"end":{"line":112,"column":34}},"43":{"start":{"line":113,"column":12},"end":{"line":113,"column":31}},"44":{"start":{"line":114,"column":12},"end":{"line":114,"column":35}},"45":{"start":{"line":115,"column":12},"end":{"line":115,"column":34}},"46":{"start":{"line":116,"column":12},"end":{"line":116,"column":28}},"47":{"start":{"line":117,"column":12},"end":{"line":117,"column":30}},"48":{"start":{"line":118,"column":12},"end":{"line":118,"column":31}},"49":{"start":{"line":119,"column":12},"end":{"line":119,"column":36}},"50":{"start":{"line":120,"column":12},"end":{"line":120,"column":33}},"51":{"start":{"line":121,"column":12},"end":{"line":121,"column":34}},"52":{"start":{"line":122,"column":12},"end":{"line":122,"column":30}},"53":{"start":{"line":123,"column":12},"end":{"line":123,"column":31}},"54":{"start":{"line":157,"column":4},"end":{"line":157,"column":23}}},"fnMap":{"0":{"name":"(anonymous_0)","decl":{"start":{"line":22,"column":8},"end":{"line":22,"column":9}},"loc":{"start":{"line":22,"column":32},"end":{"line":24,"column":9}},"line":22},"1":{"name":"(anonymous_1)","decl":{"start":{"line":25,"column":8},"end":{"line":25,"column":9}},"loc":{"start":{"line":25,"column":40},"end":{"line":29,"column":9}},"line":25},"2":{"name":"(anonymous_2)","decl":{"start":{"line":30,"column":21},"end":{"line":30,"column":22}},"loc":{"start":{"line":30,"column":40},"end":{"line":32,"column":9}},"line":30},"3":{"name":"(anonymous_3)","decl":{"start":{"line":33,"column":8},"end":{"line":33,"column":9}},"loc":{"start":{"line":33,"column":37},"end":{"line":36,"column":9}},"line":33},"4":{"name":"(anonymous_4)","decl":{"start":{"line":37,"column":24},"end":{"line":37,"column":25}},"loc":{"start":{"line":37,"column":43},"end":{"line":39,"column":9}},"line":37},"5":{"name":"(anonymous_5)","decl":{"start":{"line":40,"column":21},"end":{"line":40,"column":22}},"loc":{"start":{"line":40,"column":40},"end":{"line":43,"column":9}},"line":40},"6":{"name":"(anonymous_6)","decl":{"start":{"line":44,"column":18},"end":{"line":44,"column":19}},"loc":{"start":{"line":44,"column":37},"end":{"line":47,"column":9}},"line":44},"7":{"name":"(anonymous_7)","decl":{"start":{"line":48,"column":25},"end":{"line":48,"column":26}},"loc":{"start":{"line":48,"column":44},"end":{"line":50,"column":9}},"line":48},"8":{"name":"(anonymous_8)","decl":{"start":{"line":51,"column":21},"end":{"line":51,"column":22}},"loc":{"start":{"line":51,"column":32},"end":{"line":53,"column":9}},"line":51},"9":{"name":"(anonymous_9)","decl":{"start":{"line":54,"column":19},"end":{"line":54,"column":20}},"loc":{"start":{"line":54,"column":38},"end":{"line":56,"column":9}},"line":54},"10":{"name":"(anonymous_10)","decl":{"start":{"line":57,"column":29},"end":{"line":57,"column":30}},"loc":{"start":{"line":57,"column":40},"end":{"line":62,"column":9}},"line":57},"11":{"name":"(anonymous_11)","decl":{"start":{"line":63,"column":22},"end":{"line":63,"column":23}},"loc":{"start":{"line":63,"column":41},"end":{"line":68,"column":9}},"line":63},"12":{"name":"(anonymous_12)","decl":{"start":{"line":69,"column":23},"end":{"line":69,"column":24}},"loc":{"start":{"line":69,"column":42},"end":{"line":71,"column":9}},"line":69},"13":{"name":"(anonymous_13)","decl":{"start":{"line":72,"column":21},"end":{"line":72,"column":22}},"loc":{"start":{"line":72,"column":40},"end":{"line":74,"column":9}},"line":72},"14":{"name":"(anonymous_14)","decl":{"start":{"line":75,"column":26},"end":{"line":75,"column":27}},"loc":{"start":{"line":75,"column":37},"end":{"line":75,"column":39}},"line":75},"15":{"name":"(anonymous_15)","decl":{"start":{"line":76,"column":22},"end":{"line":76,"column":23}},"loc":{"start":{"line":76,"column":41},"end":{"line":80,"column":9}},"line":76},"16":{"name":"(anonymous_16)","decl":{"start":{"line":81,"column":19},"end":{"line":81,"column":20}},"loc":{"start":{"line":81,"column":31},"end":{"line":81,"column":33}},"line":81},"17":{"name":"(anonymous_17)","decl":{"start":{"line":82,"column":18},"end":{"line":82,"column":19}},"loc":{"start":{"line":82,"column":37},"end":{"line":96,"column":9}},"line":82},"18":{"name":"(anonymous_18)","decl":{"start":{"line":88,"column":20},"end":{"line":88,"column":21}},"loc":{"start":{"line":88,"column":29},"end":{"line":88,"column":69}},"line":88},"19":{"name":"(anonymous_19)","decl":{"start":{"line":97,"column":24},"end":{"line":97,"column":25}},"loc":{"start":{"line":97,"column":36},"end":{"line":97,"column":38}},"line":97},"20":{"name":"(anonymous_20)","decl":{"start":{"line":98,"column":17},"end":{"line":98,"column":18}},"loc":{"start":{"line":98,"column":36},"end":{"line":101,"column":9}},"line":98},"21":{"name":"(anonymous_21)","decl":{"start":{"line":102,"column":24},"end":{"line":102,"column":25}},"loc":{"start":{"line":102,"column":43},"end":{"line":104,"column":9}},"line":102},"22":{"name":"(anonymous_22)","decl":{"start":{"line":105,"column":28},"end":{"line":105,"column":29}},"loc":{"start":{"line":105,"column":47},"end":{"line":109,"column":9}},"line":105},"23":{"name":"(anonymous_23)","decl":{"start":{"line":110,"column":26},"end":{"line":110,"column":27}},"loc":{"start":{"line":110,"column":45},"end":{"line":110,"column":47}},"line":110},"24":{"name":"(anonymous_24)","decl":{"start":{"line":111,"column":26},"end":{"line":111,"column":27}},"loc":{"start":{"line":111,"column":45},"end":{"line":124,"column":9}},"line":111},"25":{"name":"(anonymous_25)","decl":{"start":{"line":125,"column":26},"end":{"line":125,"column":27}},"loc":{"start":{"line":125,"column":45},"end":{"line":125,"column":47}},"line":125}},"branchMap":{"0":{"loc":{"start":{"line":45,"column":12},"end":{"line":46,"column":37}},"type":"if","locations":[{"start":{"line":45,"column":12},"end":{"line":46,"column":37}},{"start":{"line":46,"column":17},"end":{"line":46,"column":37}}],"line":45},"1":{"loc":{"start":{"line":84,"column":12},"end":{"line":95,"column":13}},"type":"if","locations":[{"start":{"line":84,"column":12},"end":{"line":95,"column":13}},{"start":{"line":86,"column":19},"end":{"line":95,"column":13}}],"line":84},"2":{"loc":{"start":{"line":90,"column":16},"end":{"line":94,"column":17}},"type":"if","locations":[{"start":{"line":90,"column":16},"end":{"line":94,"column":17}},{"start":{"line":91,"column":21},"end":{"line":94,"column":17}}],"line":90}},"s":{"0":8,"1":1,"2":1,"3":1,"4":1,"5":0,"6":1,"7":1,"8":1,"9":1,"10":1,"11":2,"12":1,"13":1,"14":1,"15":1,"16":1,"17":1,"18":1,"19":1,"20":1,"21":1,"22":1,"23":1,"24":1,"25":0,"26":1,"27":1,"28":1,"29":1,"30":1,"31":0,"32":0,"33":0,"34":0,"35":0,"36":0,"37":0,"38":1,"39":1,"40":1,"41":1,"42":1,"43":1,"44":1,"45":1,"46":1,"47":1,"48":1,"49":1,"50":1,"51":1,"52":1,"53":1,"54":8},"f":{"0":1,"1":1,"2":0,"3":1,"4":1,"5":1,"6":2,"7":1,"8":1,"9":1,"10":1,"11":1,"12":0,"13":1,"14":1,"15":1,"16":1,"17":1,"18":0,"19":2,"20":0,"21":1,"22":1,"23":1,"24":1,"25":1},"b":{"0":[1,1],"1":[1,0],"2":[0,0]},"_coverageSchema":"1a1c01bbd47fc00a2c39e90264f33305004495a9","hash":"026adaa1e2242d7a9483d2f01cff37eeafebd83c"}
,"/Users/cimyan/Desktop/red_tetris/client/src/store/slices/playersSlice.js": {"path":"/Users/cimyan/Desktop/red_tetris/client/src/store/slices/playersSlice.js","statementMap":{"0":{"start":{"line":3,"column":28},"end":{"line":16,"column":2}},"1":{"start":{"line":10,"column":12},"end":{"line":10,"column":43}},"2":{"start":{"line":19,"column":54},"end":{"line":19,"column":74}}},"fnMap":{"0":{"name":"(anonymous_0)","decl":{"start":{"line":9,"column":23},"end":{"line":9,"column":24}},"loc":{"start":{"line":9,"column":42},"end":{"line":11,"column":9}},"line":9},"1":{"name":"(anonymous_1)","decl":{"start":{"line":12,"column":29},"end":{"line":12,"column":30}},"loc":{"start":{"line":12,"column":48},"end":{"line":14,"column":9}},"line":12}},"branchMap":{},"s":{"0":5,"1":1,"2":5},"f":{"0":1,"1":0},"b":{},"_coverageSchema":"1a1c01bbd47fc00a2c39e90264f33305004495a9","hash":"660f8d7262fa55c21095d1564a015ba31b743971"}
,"/Users/cimyan/Desktop/red_tetris/client/src/store/slices/roomsSlice.js": {"path":"/Users/cimyan/Desktop/red_tetris/client/src/store/slices/roomsSlice.js","statementMap":{"0":{"start":{"line":3,"column":26},"end":{"line":26,"column":2}},"1":{"start":{"line":12,"column":12},"end":{"line":12,"column":33}},"2":{"start":{"line":15,"column":12},"end":{"line":15,"column":41}},"3":{"start":{"line":18,"column":12},"end":{"line":18,"column":41}},"4":{"start":{"line":19,"column":12},"end":{"line":19,"column":34}},"5":{"start":{"line":22,"column":12},"end":{"line":22,"column":41}},"6":{"start":{"line":23,"column":12},"end":{"line":23,"column":34}},"7":{"start":{"line":29,"column":4},"end":{"line":29,"column":22}}},"fnMap":{"0":{"name":"(anonymous_0)","decl":{"start":{"line":11,"column":25},"end":{"line":11,"column":26}},"loc":{"start":{"line":11,"column":44},"end":{"line":13,"column":9}},"line":11},"1":{"name":"(anonymous_1)","decl":{"start":{"line":14,"column":25},"end":{"line":14,"column":26}},"loc":{"start":{"line":14,"column":44},"end":{"line":16,"column":9}},"line":14},"2":{"name":"(anonymous_2)","decl":{"start":{"line":17,"column":24},"end":{"line":17,"column":25}},"loc":{"start":{"line":17,"column":43},"end":{"line":20,"column":9}},"line":17},"3":{"name":"(anonymous_3)","decl":{"start":{"line":21,"column":21},"end":{"line":21,"column":22}},"loc":{"start":{"line":21,"column":40},"end":{"line":24,"column":9}},"line":21}},"branchMap":{},"s":{"0":6,"1":1,"2":1,"3":1,"4":1,"5":1,"6":1,"7":6},"f":{"0":1,"1":1,"2":1,"3":1},"b":{},"_coverageSchema":"1a1c01bbd47fc00a2c39e90264f33305004495a9","hash":"2899873731f568ebf1109dd1802a8955b1cce2b8"}
,"/Users/cimyan/Desktop/red_tetris/client/src/utils/gameHelpers.js": {"path":"/Users/cimyan/Desktop/red_tetris/client/src/utils/gameHelpers.js","statementMap":{"0":{"start":{"line":1,"column":27},"end":{"line":1,"column":29}},"1":{"start":{"line":2,"column":28},"end":{"line":2,"column":30}},"2":{"start":{"line":4,"column":27},"end":{"line":7,"column":3}},"3":{"start":{"line":5,"column":2},"end":{"line":7,"column":3}},"4":{"start":{"line":6,"column":4},"end":{"line":6,"column":39}},"5":{"start":{"line":9,"column":30},"end":{"line":28,"column":1}},"6":{"start":{"line":10,"column":2},"end":{"line":27,"column":3}},"7":{"start":{"line":10,"column":15},"end":{"line":10,"column":16}},"8":{"start":{"line":11,"column":4},"end":{"line":26,"column":5}},"9":{"start":{"line":11,"column":17},"end":{"line":11,"column":18}},"10":{"start":{"line":13,"column":6},"end":{"line":25,"column":7}},"11":{"start":{"line":14,"column":8},"end":{"line":24,"column":9}},"12":{"start":{"line":23,"column":10},"end":{"line":23,"column":22}}},"fnMap":{"0":{"name":"(anonymous_0)","decl":{"start":{"line":4,"column":27},"end":{"line":4,"column":28}},"loc":{"start":{"line":5,"column":2},"end":{"line":7,"column":3}},"line":5},"1":{"name":"(anonymous_1)","decl":{"start":{"line":5,"column":28},"end":{"line":5,"column":29}},"loc":{"start":{"line":6,"column":4},"end":{"line":6,"column":39}},"line":6},"2":{"name":"(anonymous_2)","decl":{"start":{"line":9,"column":30},"end":{"line":9,"column":31}},"loc":{"start":{"line":9,"column":73},"end":{"line":28,"column":1}},"line":9}},"branchMap":{"0":{"loc":{"start":{"line":4,"column":28},"end":{"line":4,"column":49}},"type":"default-arg","locations":[{"start":{"line":4,"column":37},"end":{"line":4,"column":49}}],"line":4},"1":{"loc":{"start":{"line":4,"column":52},"end":{"line":4,"column":71}},"type":"default-arg","locations":[{"start":{"line":4,"column":60},"end":{"line":4,"column":71}}],"line":4},"2":{"loc":{"start":{"line":13,"column":6},"end":{"line":25,"column":7}},"type":"if","locations":[{"start":{"line":13,"column":6},"end":{"line":25,"column":7}},{"start":{},"end":{}}],"line":13},"3":{"loc":{"start":{"line":14,"column":8},"end":{"line":24,"column":9}},"type":"if","locations":[{"start":{"line":14,"column":8},"end":{"line":24,"column":9}},{"start":{},"end":{}}],"line":14},"4":{"loc":{"start":{"line":16,"column":10},"end":{"line":21,"column":19}},"type":"binary-expr","locations":[{"start":{"line":16,"column":10},"end":{"line":16,"column":42}},{"start":{"line":18,"column":10},"end":{"line":18,"column":68}},{"start":{"line":20,"column":10},"end":{"line":21,"column":19}}],"line":16}},"s":{"0":4,"1":4,"2":4,"3":6,"4":112,"5":4,"6":2,"7":2,"8":2,"9":2,"10":2,"11":2,"12":2},"f":{"0":6,"1":112,"2":2},"b":{"0":[5],"1":[5],"2":[2,0],"3":[2,0],"4":[2,2,0]},"_coverageSchema":"1a1c01bbd47fc00a2c39e90264f33305004495a9","hash":"d93602579275c9753e21dc3d79bee2c40094e853"}
,"/Users/cimyan/Desktop/red_tetris/client/src/utils/tetrominos.js": {"path":"/Users/cimyan/Desktop/red_tetris/client/src/utils/tetrominos.js","statementMap":{"0":{"start":{"line":1,"column":26},"end":{"line":83,"column":1}},"1":{"start":{"line":85,"column":31},"end":{"line":151,"column":1}}},"fnMap":{},"branchMap":{},"s":{"0":6,"1":6},"f":{},"b":{},"_coverageSchema":"1a1c01bbd47fc00a2c39e90264f33305004495a9","hash":"6e94676a3201bd0a42f93125aab9fd79d5af810a"}
,"/Users/cimyan/Desktop/red_tetris/client/src/views/Home/Home.js": {"path":"/Users/cimyan/Desktop/red_tetris/client/src/views/Home/Home.js","statementMap":{"0":{"start":{"line":10,"column":16},"end":{"line":21,"column":1}},"1":{"start":{"line":23,"column":13},"end":{"line":126,"column":1}},"2":{"start":{"line":24,"column":36},"end":{"line":24,"column":48}},"3":{"start":{"line":25,"column":46},"end":{"line":25,"column":58}},"4":{"start":{"line":26,"column":21},"end":{"line":26,"column":34}},"5":{"start":{"line":27,"column":30},"end":{"line":27,"column":79}},"6":{"start":{"line":29,"column":24},"end":{"line":44,"column":5}},"7":{"start":{"line":30,"column":8},"end":{"line":30,"column":24}},"8":{"start":{"line":31,"column":22},"end":{"line":31,"column":43}},"9":{"start":{"line":32,"column":8},"end":{"line":43,"column":9}},"10":{"start":{"line":33,"column":12},"end":{"line":38,"column":14}},"11":{"start":{"line":40,"column":12},"end":{"line":42,"column":14}},"12":{"start":{"line":45,"column":25},"end":{"line":49,"column":5}},"13":{"start":{"line":46,"column":17},"end":{"line":46,"column":24}},"14":{"start":{"line":47,"column":8},"end":{"line":48,"column":49}},"15":{"start":{"line":47,"column":20},"end":{"line":47,"column":47}},"16":{"start":{"line":48,"column":13},"end":{"line":48,"column":49}},"17":{"start":{"line":48,"column":27},"end":{"line":48,"column":49}},"18":{"start":{"line":51,"column":23},"end":{"line":51,"column":52}},"19":{"start":{"line":51,"column":46},"end":{"line":51,"column":51}},"20":{"start":{"line":52,"column":4},"end":{"line":62,"column":17}},"21":{"start":{"line":53,"column":8},"end":{"line":61,"column":11}},"22":{"start":{"line":53,"column":26},"end":{"line":61,"column":11}},"23":{"start":{"line":63,"column":4},"end":{"line":125,"column":6}},"24":{"start":{"line":74,"column":24},"end":{"line":74,"column":47}},"25":{"start":{"line":75,"column":24},"end":{"line":75,"column":38}},"26":{"start":{"line":76,"column":24},"end":{"line":76,"column":40}},"27":{"start":{"line":82,"column":39},"end":{"line":82,"column":59}},"28":{"start":{"line":106,"column":28},"end":{"line":106,"column":56}}},"fnMap":{"0":{"name":"(anonymous_0)","decl":{"start":{"line":23,"column":13},"end":{"line":23,"column":14}},"loc":{"start":{"line":23,"column":19},"end":{"line":126,"column":1}},"line":23},"1":{"name":"(anonymous_1)","decl":{"start":{"line":29,"column":24},"end":{"line":29,"column":25}},"loc":{"start":{"line":29,"column":30},"end":{"line":44,"column":5}},"line":29},"2":{"name":"(anonymous_2)","decl":{"start":{"line":45,"column":25},"end":{"line":45,"column":26}},"loc":{"start":{"line":45,"column":35},"end":{"line":49,"column":5}},"line":45},"3":{"name":"(anonymous_3)","decl":{"start":{"line":51,"column":35},"end":{"line":51,"column":36}},"loc":{"start":{"line":51,"column":46},"end":{"line":51,"column":51}},"line":51},"4":{"name":"(anonymous_4)","decl":{"start":{"line":52,"column":14},"end":{"line":52,"column":15}},"loc":{"start":{"line":52,"column":20},"end":{"line":62,"column":5}},"line":52},"5":{"name":"(anonymous_5)","decl":{"start":{"line":73,"column":30},"end":{"line":73,"column":31}},"loc":{"start":{"line":73,"column":41},"end":{"line":77,"column":21}},"line":73},"6":{"name":"(anonymous_6)","decl":{"start":{"line":82,"column":33},"end":{"line":82,"column":34}},"loc":{"start":{"line":82,"column":39},"end":{"line":82,"column":59}},"line":82},"7":{"name":"(anonymous_7)","decl":{"start":{"line":105,"column":34},"end":{"line":105,"column":35}},"loc":{"start":{"line":105,"column":41},"end":{"line":107,"column":25}},"line":105}},"branchMap":{"0":{"loc":{"start":{"line":32,"column":8},"end":{"line":43,"column":9}},"type":"if","locations":[{"start":{"line":32,"column":8},"end":{"line":43,"column":9}},{"start":{"line":39,"column":15},"end":{"line":43,"column":9}}],"line":32},"1":{"loc":{"start":{"line":47,"column":8},"end":{"line":48,"column":49}},"type":"if","locations":[{"start":{"line":47,"column":8},"end":{"line":48,"column":49}},{"start":{"line":48,"column":13},"end":{"line":48,"column":49}}],"line":47},"2":{"loc":{"start":{"line":48,"column":13},"end":{"line":48,"column":49}},"type":"if","locations":[{"start":{"line":48,"column":13},"end":{"line":48,"column":49}},{"start":{},"end":{}}],"line":48},"3":{"loc":{"start":{"line":53,"column":8},"end":{"line":61,"column":11}},"type":"if","locations":[{"start":{"line":53,"column":8},"end":{"line":61,"column":11}},{"start":{},"end":{}}],"line":53},"4":{"loc":{"start":{"line":111,"column":21},"end":{"line":121,"column":21}},"type":"binary-expr","locations":[{"start":{"line":111,"column":21},"end":{"line":111,"column":34}},{"start":{"line":112,"column":24},"end":{"line":120,"column":31}}],"line":111}},"s":{"0":1,"1":1,"2":16,"3":16,"4":16,"5":16,"6":16,"7":0,"8":0,"9":0,"10":0,"11":0,"12":16,"13":0,"14":0,"15":0,"16":0,"17":0,"18":16,"19":16,"20":16,"21":5,"22":0,"23":16,"24":0,"25":0,"26":0,"27":0,"28":11},"f":{"0":16,"1":0,"2":0,"3":16,"4":5,"5":0,"6":0,"7":11},"b":{"0":[0,0],"1":[0,0],"2":[0,0],"3":[0,5],"4":[16,0]},"_coverageSchema":"1a1c01bbd47fc00a2c39e90264f33305004495a9","hash":"5423fd07e9bff05968ea31e9b3780b468882dd33"}
,"/Users/cimyan/Desktop/red_tetris/client/src/views/Rooms/Rooms.js": {"path":"/Users/cimyan/Desktop/red_tetris/client/src/views/Rooms/Rooms.js","statementMap":{"0":{"start":{"line":17,"column":24},"end":{"line":40,"column":1}},"1":{"start":{"line":18,"column":4},"end":{"line":39,"column":6}},"2":{"start":{"line":23,"column":35},"end":{"line":23,"column":54}},"3":{"start":{"line":42,"column":14},"end":{"line":268,"column":1}},"4":{"start":{"line":43,"column":28},"end":{"line":43,"column":44}},"5":{"start":{"line":44,"column":32},"end":{"line":44,"column":47}},"6":{"start":{"line":45,"column":28},"end":{"line":45,"column":40}},"7":{"start":{"line":46,"column":38},"end":{"line":46,"column":50}},"8":{"start":{"line":47,"column":23},"end":{"line":47,"column":52}},"9":{"start":{"line":47,"column":46},"end":{"line":47,"column":51}},"10":{"start":{"line":48,"column":22},"end":{"line":48,"column":57}},"11":{"start":{"line":48,"column":45},"end":{"line":48,"column":56}},"12":{"start":{"line":49,"column":18},"end":{"line":49,"column":64}},"13":{"start":{"line":49,"column":41},"end":{"line":49,"column":63}},"14":{"start":{"line":50,"column":21},"end":{"line":50,"column":34}},"15":{"start":{"line":53,"column":8},"end":{"line":53,"column":23}},"16":{"start":{"line":54,"column":8},"end":{"line":54,"column":27}},"17":{"start":{"line":57,"column":23},"end":{"line":63,"column":5}},"18":{"start":{"line":58,"column":8},"end":{"line":62,"column":9}},"19":{"start":{"line":59,"column":12},"end":{"line":59,"column":53}},"20":{"start":{"line":61,"column":12},"end":{"line":61,"column":67}},"21":{"start":{"line":65,"column":21},"end":{"line":100,"column":5}},"22":{"start":{"line":66,"column":22},"end":{"line":66,"column":62}},"23":{"start":{"line":66,"column":43},"end":{"line":66,"column":61}},"24":{"start":{"line":67,"column":8},"end":{"line":99,"column":9}},"25":{"start":{"line":68,"column":12},"end":{"line":77,"column":19}},"26":{"start":{"line":69,"column":16},"end":{"line":77,"column":19}},"27":{"start":{"line":78,"column":12},"end":{"line":87,"column":19}},"28":{"start":{"line":79,"column":16},"end":{"line":87,"column":19}},"29":{"start":{"line":88,"column":12},"end":{"line":98,"column":49}},"30":{"start":{"line":89,"column":16},"end":{"line":97,"column":19}},"31":{"start":{"line":98,"column":17},"end":{"line":98,"column":49}},"32":{"start":{"line":102,"column":4},"end":{"line":104,"column":11}},"33":{"start":{"line":103,"column":8},"end":{"line":103,"column":36}},"34":{"start":{"line":106,"column":4},"end":{"line":118,"column":16}},"35":{"start":{"line":107,"column":8},"end":{"line":117,"column":9}},"36":{"start":{"line":108,"column":12},"end":{"line":116,"column":15}},"37":{"start":{"line":119,"column":4},"end":{"line":267,"column":6}},"38":{"start":{"line":139,"column":32},"end":{"line":139,"column":56}},"39":{"start":{"line":151,"column":47},"end":{"line":151,"column":65}},"40":{"start":{"line":193,"column":51},"end":{"line":193,"column":75}},"41":{"start":{"line":201,"column":51},"end":{"line":201,"column":77}},"42":{"start":{"line":256,"column":32},"end":{"line":260,"column":34}}},"fnMap":{"0":{"name":"(anonymous_0)","decl":{"start":{"line":17,"column":24},"end":{"line":17,"column":25}},"loc":{"start":{"line":17,"column":48},"end":{"line":40,"column":1}},"line":17},"1":{"name":"(anonymous_1)","decl":{"start":{"line":23,"column":29},"end":{"line":23,"column":30}},"loc":{"start":{"line":23,"column":35},"end":{"line":23,"column":54}},"line":23},"2":{"name":"(anonymous_2)","decl":{"start":{"line":42,"column":14},"end":{"line":42,"column":15}},"loc":{"start":{"line":42,"column":20},"end":{"line":268,"column":1}},"line":42},"3":{"name":"(anonymous_3)","decl":{"start":{"line":47,"column":35},"end":{"line":47,"column":36}},"loc":{"start":{"line":47,"column":46},"end":{"line":47,"column":51}},"line":47},"4":{"name":"(anonymous_4)","decl":{"start":{"line":48,"column":34},"end":{"line":48,"column":35}},"loc":{"start":{"line":48,"column":45},"end":{"line":48,"column":56}},"line":48},"5":{"name":"(anonymous_5)","decl":{"start":{"line":49,"column":30},"end":{"line":49,"column":31}},"loc":{"start":{"line":49,"column":41},"end":{"line":49,"column":63}},"line":49},"6":{"name":"handleModeChange","decl":{"start":{"line":52,"column":13},"end":{"line":52,"column":29}},"loc":{"start":{"line":52,"column":37},"end":{"line":55,"column":5}},"line":52},"7":{"name":"(anonymous_7)","decl":{"start":{"line":57,"column":23},"end":{"line":57,"column":24}},"loc":{"start":{"line":57,"column":29},"end":{"line":63,"column":5}},"line":57},"8":{"name":"(anonymous_8)","decl":{"start":{"line":65,"column":21},"end":{"line":65,"column":22}},"loc":{"start":{"line":65,"column":31},"end":{"line":100,"column":5}},"line":65},"9":{"name":"(anonymous_9)","decl":{"start":{"line":66,"column":33},"end":{"line":66,"column":34}},"loc":{"start":{"line":66,"column":43},"end":{"line":66,"column":61}},"line":66},"10":{"name":"(anonymous_10)","decl":{"start":{"line":102,"column":14},"end":{"line":102,"column":15}},"loc":{"start":{"line":102,"column":20},"end":{"line":104,"column":5}},"line":102},"11":{"name":"(anonymous_11)","decl":{"start":{"line":106,"column":14},"end":{"line":106,"column":15}},"loc":{"start":{"line":106,"column":20},"end":{"line":118,"column":5}},"line":106},"12":{"name":"(anonymous_12)","decl":{"start":{"line":138,"column":38},"end":{"line":138,"column":39}},"loc":{"start":{"line":138,"column":45},"end":{"line":140,"column":29}},"line":138},"13":{"name":"(anonymous_13)","decl":{"start":{"line":151,"column":41},"end":{"line":151,"column":42}},"loc":{"start":{"line":151,"column":47},"end":{"line":151,"column":65}},"line":151},"14":{"name":"(anonymous_14)","decl":{"start":{"line":193,"column":45},"end":{"line":193,"column":46}},"loc":{"start":{"line":193,"column":51},"end":{"line":193,"column":75}},"line":193},"15":{"name":"(anonymous_15)","decl":{"start":{"line":201,"column":45},"end":{"line":201,"column":46}},"loc":{"start":{"line":201,"column":51},"end":{"line":201,"column":77}},"line":201},"16":{"name":"(anonymous_16)","decl":{"start":{"line":255,"column":40},"end":{"line":255,"column":41}},"loc":{"start":{"line":256,"column":32},"end":{"line":260,"column":34}},"line":256}},"branchMap":{"0":{"loc":{"start":{"line":58,"column":8},"end":{"line":62,"column":9}},"type":"if","locations":[{"start":{"line":58,"column":8},"end":{"line":62,"column":9}},{"start":{"line":60,"column":15},"end":{"line":62,"column":9}}],"line":58},"1":{"loc":{"start":{"line":58,"column":12},"end":{"line":58,"column":61}},"type":"binary-expr","locations":[{"start":{"line":58,"column":12},"end":{"line":58,"column":27}},{"start":{"line":58,"column":31},"end":{"line":58,"column":42}},{"start":{"line":58,"column":46},"end":{"line":58,"column":61}}],"line":58},"2":{"loc":{"start":{"line":67,"column":8},"end":{"line":99,"column":9}},"type":"if","locations":[{"start":{"line":67,"column":8},"end":{"line":99,"column":9}},{"start":{},"end":{}}],"line":67},"3":{"loc":{"start":{"line":68,"column":12},"end":{"line":77,"column":19}},"type":"if","locations":[{"start":{"line":68,"column":12},"end":{"line":77,"column":19}},{"start":{},"end":{}}],"line":68},"4":{"loc":{"start":{"line":78,"column":12},"end":{"line":87,"column":19}},"type":"if","locations":[{"start":{"line":78,"column":12},"end":{"line":87,"column":19}},{"start":{},"end":{}}],"line":78},"5":{"loc":{"start":{"line":88,"column":12},"end":{"line":98,"column":49}},"type":"if","locations":[{"start":{"line":88,"column":12},"end":{"line":98,"column":49}},{"start":{"line":98,"column":17},"end":{"line":98,"column":49}}],"line":88},"6":{"loc":{"start":{"line":88,"column":16},"end":{"line":88,"column":54}},"type":"binary-expr","locations":[{"start":{"line":88,"column":16},"end":{"line":88,"column":27}},{"start":{"line":88,"column":31},"end":{"line":88,"column":54}}],"line":88},"7":{"loc":{"start":{"line":107,"column":8},"end":{"line":117,"column":9}},"type":"if","locations":[{"start":{"line":107,"column":8},"end":{"line":117,"column":9}},{"start":{},"end":{}}],"line":107},"8":{"loc":{"start":{"line":157,"column":48},"end":{"line":159,"column":66}},"type":"cond-expr","locations":[{"start":{"line":158,"column":54},"end":{"line":158,"column":63}},{"start":{"line":159,"column":54},"end":{"line":159,"column":66}}],"line":157},"9":{"loc":{"start":{"line":182,"column":36},"end":{"line":184,"column":50}},"type":"cond-expr","locations":[{"start":{"line":183,"column":42},"end":{"line":183,"column":106}},{"start":{"line":184,"column":42},"end":{"line":184,"column":50}}],"line":182},"10":{"loc":{"start":{"line":233,"column":25},"end":{"line":253,"column":25}},"type":"binary-expr","locations":[{"start":{"line":233,"column":25},"end":{"line":233,"column":44}},{"start":{"line":234,"column":28},"end":{"line":252,"column":34}}],"line":233},"11":{"loc":{"start":{"line":254,"column":25},"end":{"line":262,"column":32}},"type":"cond-expr","locations":[{"start":{"line":255,"column":30},"end":{"line":261,"column":30}},{"start":{"line":262,"column":30},"end":{"line":262,"column":32}}],"line":254}},"s":{"0":1,"1":2,"2":0,"3":1,"4":31,"5":31,"6":31,"7":31,"8":31,"9":31,"10":31,"11":31,"12":31,"13":31,"14":31,"15":0,"16":0,"17":31,"18":1,"19":0,"20":1,"21":31,"22":0,"23":0,"24":0,"25":0,"26":0,"27":0,"28":0,"29":0,"30":0,"31":0,"32":31,"33":7,"34":31,"35":7,"36":0,"37":31,"38":22,"39":1,"40":0,"41":0,"42":1},"f":{"0":2,"1":0,"2":31,"3":31,"4":31,"5":31,"6":0,"7":1,"8":0,"9":0,"10":7,"11":7,"12":22,"13":1,"14":0,"15":0,"16":1},"b":{"0":[0,1],"1":[1,1,1],"2":[0,0],"3":[0,0],"4":[0,0],"5":[0,0],"6":[0,0],"7":[0,7],"8":[31,0],"9":[1,30],"10":[31,0],"11":[1,30]},"_coverageSchema":"1a1c01bbd47fc00a2c39e90264f33305004495a9","hash":"3a98a25544224763e7ab70c6e781628add7dd1af"}
}
