TN:
SF:src/components/GameOver.js
FN:69,GameOver
FNF:1
FNH:1
FNDA:5,GameOver
DA:6,2
DA:20,2
DA:70,5
LF:3
LH:3
BRDA:73,0,0,1
BRDA:73,0,1,4
BRDA:80,1,0,0
BRDA:80,1,1,4
BRDA:88,2,0,1
BRDA:88,2,1,4
BRDA:92,3,0,1
BRDA:92,3,1,0
BRDA:97,4,0,0
BRDA:97,4,1,4
BRDA:100,5,0,0
BRDA:100,5,1,0
BRDA:108,6,0,3
BRDA:108,6,1,2
BRDA:108,7,0,5
BRDA:108,7,1,3
BRDA:108,7,2,3
BRDA:180,8,0,1
BRDA:180,8,1,2
BRF:19
BRH:14
end_of_record
TN:
SF:src/components/UserAvatar.js
FN:7,(anonymous_0)
FN:8,(anonymous_1)
FN:13,(anonymous_2)
FN:15,(anonymous_3)
FN:16,(anonymous_4)
FN:17,(anonymous_5)
FN:18,(anonymous_6)
FN:22,(anonymous_7)
FNF:8
FNH:8
FNDA:6,(anonymous_0)
FNDA:6,(anonymous_1)
FNDA:6,(anonymous_2)
FNDA:6,(anonymous_3)
FNDA:6,(anonymous_4)
FNDA:6,(anonymous_5)
FNDA:6,(anonymous_6)
FNDA:6,(anonymous_7)
DA:3,3
DA:7,6
DA:8,6
DA:13,6
DA:15,6
DA:16,6
DA:17,6
DA:18,6
DA:22,3
DA:23,6
LF:10
LH:10
BRF:0
BRH:0
end_of_record
TN:
SF:src/components/UserCard.js
FN:12,(anonymous_0)
FN:14,(anonymous_1)
FN:15,(anonymous_2)
FN:16,(anonymous_3)
FN:21,(anonymous_4)
FNF:5
FNH:5
FNDA:3,(anonymous_0)
FNDA:3,(anonymous_1)
FNDA:3,(anonymous_2)
FNDA:3,(anonymous_3)
FNDA:3,(anonymous_4)
DA:5,2
DA:12,3
DA:14,3
DA:15,3
DA:16,3
DA:21,2
DA:22,3
LF:7
LH:7
BRF:0
BRH:0
end_of_record
TN:
SF:src/components/Chat/Chat.js
FN:14,(anonymous_0)
FN:21,(anonymous_1)
FN:22,(anonymous_2)
FN:23,(anonymous_3)
FN:24,(anonymous_4)
FN:25,(anonymous_5)
FN:26,(anonymous_6)
FN:73,(anonymous_7)
FN:79,(anonymous_8)
FN:92,(anonymous_9)
FN:116,(anonymous_10)
FN:118,(anonymous_11)
FNF:12
FNH:9
FNDA:1,(anonymous_0)
FNDA:1,(anonymous_1)
FNDA:1,(anonymous_2)
FNDA:1,(anonymous_3)
FNDA:1,(anonymous_4)
FNDA:1,(anonymous_5)
FNDA:1,(anonymous_6)
FNDA:1,(anonymous_7)
FNDA:0,(anonymous_8)
FNDA:2,(anonymous_9)
FNDA:0,(anonymous_10)
FNDA:0,(anonymous_11)
DA:9,1
DA:14,1
DA:21,1
DA:22,1
DA:23,1
DA:24,1
DA:25,1
DA:26,1
DA:73,1
DA:74,1
DA:76,1
DA:77,1
DA:79,1
DA:80,0
DA:81,0
DA:82,0
DA:83,0
DA:84,0
DA:85,0
DA:86,0
DA:87,0
DA:89,1
DA:93,2
DA:116,0
DA:118,0
LF:25
LH:15
BRDA:81,0,0,0
BRDA:81,0,1,0
BRDA:81,1,0,0
BRDA:81,1,1,0
BRDA:83,2,0,0
BRDA:83,2,1,0
BRF:6
BRH:0
end_of_record
TN:
SF:src/components/Info/Info.js
FN:8,(anonymous_0)
FN:22,(anonymous_1)
FN:23,(anonymous_2)
FN:24,(anonymous_3)
FN:25,(anonymous_4)
FN:26,(anonymous_5)
FN:27,(anonymous_6)
FN:54,(anonymous_7)
FN:55,(anonymous_8)
FN:56,(anonymous_9)
FN:57,(anonymous_10)
FN:58,(anonymous_11)
FN:59,(anonymous_12)
FN:80,(anonymous_13)
FN:81,(anonymous_14)
FN:82,(anonymous_15)
FN:91,(anonymous_16)
FN:92,(anonymous_17)
FN:93,(anonymous_18)
FN:102,(anonymous_19)
FN:104,(anonymous_20)
FN:105,(anonymous_21)
FN:110,(anonymous_22)
FN:112,(anonymous_23)
FN:113,(anonymous_24)
FN:120,(anonymous_25)
FN:137,(anonymous_26)
FN:138,(anonymous_27)
FNF:28
FNH:28
FNDA:1,(anonymous_0)
FNDA:1,(anonymous_1)
FNDA:1,(anonymous_2)
FNDA:1,(anonymous_3)
FNDA:1,(anonymous_4)
FNDA:1,(anonymous_5)
FNDA:1,(anonymous_6)
FNDA:1,(anonymous_7)
FNDA:1,(anonymous_8)
FNDA:1,(anonymous_9)
FNDA:1,(anonymous_10)
FNDA:1,(anonymous_11)
FNDA:1,(anonymous_12)
FNDA:1,(anonymous_13)
FNDA:1,(anonymous_14)
FNDA:1,(anonymous_15)
FNDA:1,(anonymous_16)
FNDA:1,(anonymous_17)
FNDA:1,(anonymous_18)
FNDA:1,(anonymous_19)
FNDA:1,(anonymous_20)
FNDA:1,(anonymous_21)
FNDA:1,(anonymous_22)
FNDA:1,(anonymous_23)
FNDA:1,(anonymous_24)
FNDA:1,(anonymous_25)
FNDA:4,(anonymous_26)
FNDA:16,(anonymous_27)
DA:4,1
DA:8,1
DA:14,1
DA:22,1
DA:23,1
DA:24,1
DA:25,1
DA:26,1
DA:27,1
DA:46,1
DA:54,1
DA:55,1
DA:56,1
DA:57,1
DA:58,1
DA:59,1
DA:80,1
DA:81,1
DA:82,1
DA:91,1
DA:92,1
DA:93,1
DA:99,1
DA:102,1
DA:104,1
DA:105,1
DA:110,1
DA:112,1
DA:113,1
DA:120,1
DA:121,1
DA:138,4
DA:139,16
LF:33
LH:33
BRF:0
BRH:0
end_of_record
TN:
SF:src/components/Info/NextCell.js
FN:8,(anonymous_0)
FN:10,(anonymous_1)
FN:11,(anonymous_2)
FN:12,(anonymous_3)
FN:16,(anonymous_4)
FNF:5
FNH:5
FNDA:17,(anonymous_0)
FNDA:17,(anonymous_1)
FNDA:17,(anonymous_2)
FNDA:17,(anonymous_3)
FNDA:17,(anonymous_4)
DA:5,2
DA:8,17
DA:10,17
DA:11,17
DA:12,17
DA:16,2
DA:17,17
LF:7
LH:7
BRDA:8,0,0,16
BRDA:8,0,1,1
BRDA:10,1,0,16
BRDA:10,1,1,1
BRF:4
BRH:4
end_of_record
TN:
SF:src/components/NavBar/NavBar.js
FN:25,(anonymous_0)
FN:29,(anonymous_1)
FN:88,(anonymous_2)
FN:90,(anonymous_3)
FN:91,(anonymous_4)
FNF:5
FNH:5
FNDA:2,(anonymous_0)
FNDA:2,(anonymous_1)
FNDA:2,(anonymous_2)
FNDA:2,(anonymous_3)
FNDA:1,(anonymous_4)
DA:6,1
DA:25,2
DA:29,2
DA:88,1
DA:89,2
DA:90,2
DA:91,2
DA:92,1
DA:94,2
LF:9
LH:9
BRDA:92,0,0,1
BRDA:92,0,1,0
BRF:2
BRH:1
end_of_record
TN:
SF:src/components/OtherStages/OtherStages.js
FN:10,(anonymous_0)
FN:16,(anonymous_1)
FN:17,(anonymous_2)
FN:18,(anonymous_3)
FN:19,(anonymous_4)
FN:20,(anonymous_5)
FN:21,(anonymous_6)
FN:37,(anonymous_7)
FN:38,(anonymous_8)
FN:39,(anonymous_9)
FN:41,(anonymous_10)
FN:46,(anonymous_11)
FN:47,(anonymous_12)
FN:53,(anonymous_13)
FNF:14
FNH:14
FNDA:1,(anonymous_0)
FNDA:1,(anonymous_1)
FNDA:1,(anonymous_2)
FNDA:1,(anonymous_3)
FNDA:1,(anonymous_4)
FNDA:1,(anonymous_5)
FNDA:1,(anonymous_6)
FNDA:1,(anonymous_7)
FNDA:1,(anonymous_8)
FNDA:1,(anonymous_9)
FNDA:1,(anonymous_10)
FNDA:1,(anonymous_11)
FNDA:1,(anonymous_12)
FNDA:1,(anonymous_13)
DA:5,1
DA:10,1
DA:16,1
DA:17,1
DA:18,1
DA:19,1
DA:20,1
DA:21,1
DA:37,1
DA:38,1
DA:39,1
DA:41,1
DA:46,1
DA:47,1
DA:49,1
DA:54,1
LF:16
LH:16
BRDA:55,0,0,1
BRDA:55,0,1,1
BRF:2
BRH:2
end_of_record
TN:
SF:src/components/StartButton/StartButton.js
FN:6,(anonymous_0)
FNF:1
FNH:1
FNDA:32,(anonymous_0)
DA:6,2
DA:7,32
LF:2
LH:2
BRF:0
BRH:0
end_of_record
TN:
SF:src/components/Tetris/Stage.js
FN:26,(anonymous_0)
FN:27,(anonymous_1)
FN:34,(anonymous_2)
FN:37,(anonymous_3)
FN:44,(anonymous_4)
FN:48,(anonymous_5)
FN:51,(anonymous_6)
FNF:7
FNH:7
FNDA:840,(anonymous_0)
FNDA:840,(anonymous_1)
FNDA:72,(anonymous_2)
FNDA:840,(anonymous_3)
FNDA:840,(anonymous_4)
FNDA:4,(anonymous_5)
FNDA:72,(anonymous_6)
DA:7,3
DA:15,3
DA:20,3
DA:26,840
DA:28,840
DA:34,3
DA:35,72
DA:38,840
DA:44,3
DA:45,840
DA:48,3
DA:49,4
DA:52,72
LF:13
LH:13
BRDA:28,0,0,840
BRDA:28,0,1,0
BRF:2
BRH:1
end_of_record
TN:
SF:src/store/slices/connectionSlice.js
FN:12,(anonymous_0)
FN:15,(anonymous_1)
FNF:2
FNH:2
FNDA:1,(anonymous_0)
FNDA:1,(anonymous_1)
DA:3,5
DA:8,5
DA:13,1
DA:16,1
DA:21,5
LF:5
LH:5
BRF:0
BRH:0
end_of_record
TN:
SF:src/store/slices/playerSlice.js
FN:22,(anonymous_0)
FN:25,(anonymous_1)
FN:30,(anonymous_2)
FN:33,(anonymous_3)
FN:37,(anonymous_4)
FN:40,(anonymous_5)
FN:44,(anonymous_6)
FN:48,(anonymous_7)
FN:51,(anonymous_8)
FN:54,(anonymous_9)
FN:57,(anonymous_10)
FN:63,(anonymous_11)
FN:69,(anonymous_12)
FN:72,(anonymous_13)
FN:75,(anonymous_14)
FN:76,(anonymous_15)
FN:81,(anonymous_16)
FN:82,(anonymous_17)
FN:88,(anonymous_18)
FN:97,(anonymous_19)
FN:98,(anonymous_20)
FN:102,(anonymous_21)
FN:105,(anonymous_22)
FN:110,(anonymous_23)
FN:111,(anonymous_24)
FN:125,(anonymous_25)
FNF:26
FNH:22
FNDA:1,(anonymous_0)
FNDA:1,(anonymous_1)
FNDA:0,(anonymous_2)
FNDA:1,(anonymous_3)
FNDA:1,(anonymous_4)
FNDA:1,(anonymous_5)
FNDA:2,(anonymous_6)
FNDA:1,(anonymous_7)
FNDA:1,(anonymous_8)
FNDA:1,(anonymous_9)
FNDA:1,(anonymous_10)
FNDA:1,(anonymous_11)
FNDA:0,(anonymous_12)
FNDA:1,(anonymous_13)
FNDA:1,(anonymous_14)
FNDA:1,(anonymous_15)
FNDA:1,(anonymous_16)
FNDA:1,(anonymous_17)
FNDA:0,(anonymous_18)
FNDA:2,(anonymous_19)
FNDA:0,(anonymous_20)
FNDA:1,(anonymous_21)
FNDA:1,(anonymous_22)
FNDA:1,(anonymous_23)
FNDA:1,(anonymous_24)
FNDA:1,(anonymous_25)
DA:3,8
DA:23,1
DA:26,1
DA:27,1
DA:28,1
DA:31,0
DA:34,1
DA:35,1
DA:38,1
DA:41,1
DA:42,1
DA:45,2
DA:46,1
DA:49,1
DA:52,1
DA:55,1
DA:58,1
DA:59,1
DA:60,1
DA:61,1
DA:64,1
DA:65,1
DA:66,1
DA:67,1
DA:70,0
DA:73,1
DA:77,1
DA:78,1
DA:84,1
DA:85,1
DA:87,0
DA:88,0
DA:90,0
DA:92,0
DA:99,0
DA:100,0
DA:103,1
DA:106,1
DA:107,1
DA:108,1
DA:112,1
DA:113,1
DA:114,1
DA:115,1
DA:116,1
DA:117,1
DA:118,1
DA:119,1
DA:120,1
DA:121,1
DA:122,1
DA:123,1
DA:157,8
LF:53
LH:45
BRDA:45,0,0,1
BRDA:45,0,1,1
BRDA:84,1,0,1
BRDA:84,1,1,0
BRDA:90,2,0,0
BRDA:90,2,1,0
BRF:6
BRH:3
end_of_record
TN:
SF:src/store/slices/playersSlice.js
FN:9,(anonymous_0)
FN:12,(anonymous_1)
FNF:2
FNH:1
FNDA:1,(anonymous_0)
FNDA:0,(anonymous_1)
DA:3,5
DA:10,1
DA:19,5
LF:3
LH:3
BRF:0
BRH:0
end_of_record
TN:
SF:src/store/slices/roomsSlice.js
FN:11,(anonymous_0)
FN:14,(anonymous_1)
FN:17,(anonymous_2)
FN:21,(anonymous_3)
FNF:4
FNH:4
FNDA:1,(anonymous_0)
FNDA:1,(anonymous_1)
FNDA:1,(anonymous_2)
FNDA:1,(anonymous_3)
DA:3,6
DA:12,1
DA:15,1
DA:18,1
DA:19,1
DA:22,1
DA:23,1
DA:29,6
LF:8
LH:8
BRF:0
BRH:0
end_of_record
TN:
SF:src/utils/gameHelpers.js
FN:4,(anonymous_0)
FN:5,(anonymous_1)
FN:9,(anonymous_2)
FNF:3
FNH:3
FNDA:6,(anonymous_0)
FNDA:112,(anonymous_1)
FNDA:2,(anonymous_2)
DA:1,4
DA:2,4
DA:4,4
DA:5,6
DA:6,112
DA:9,4
DA:10,2
DA:11,2
DA:13,2
DA:14,2
DA:23,2
LF:11
LH:11
BRDA:4,0,0,5
BRDA:4,1,0,5
BRDA:13,2,0,2
BRDA:13,2,1,0
BRDA:14,3,0,2
BRDA:14,3,1,0
BRDA:16,4,0,2
BRDA:16,4,1,2
BRDA:16,4,2,0
BRF:9
BRH:6
end_of_record
TN:
SF:src/utils/tetrominos.js
FNF:0
FNH:0
DA:1,6
DA:85,6
LF:2
LH:2
BRF:0
BRH:0
end_of_record
TN:
SF:src/views/Home/Home.js
FN:23,(anonymous_0)
FN:29,(anonymous_1)
FN:45,(anonymous_2)
FN:51,(anonymous_3)
FN:52,(anonymous_4)
FN:73,(anonymous_5)
FN:82,(anonymous_6)
FN:105,(anonymous_7)
FNF:8
FNH:4
FNDA:16,(anonymous_0)
FNDA:0,(anonymous_1)
FNDA:0,(anonymous_2)
FNDA:16,(anonymous_3)
FNDA:5,(anonymous_4)
FNDA:0,(anonymous_5)
FNDA:0,(anonymous_6)
FNDA:11,(anonymous_7)
DA:10,1
DA:23,1
DA:24,16
DA:25,16
DA:26,16
DA:27,16
DA:29,16
DA:30,0
DA:31,0
DA:32,0
DA:33,0
DA:40,0
DA:45,16
DA:46,0
DA:47,0
DA:48,0
DA:51,16
DA:52,16
DA:53,5
DA:63,16
DA:74,0
DA:75,0
DA:76,0
DA:82,0
DA:106,11
LF:25
LH:13
BRDA:32,0,0,0
BRDA:32,0,1,0
BRDA:47,1,0,0
BRDA:47,1,1,0
BRDA:48,2,0,0
BRDA:48,2,1,0
BRDA:53,3,0,0
BRDA:53,3,1,5
BRDA:111,4,0,16
BRDA:111,4,1,0
BRF:10
BRH:2
end_of_record
TN:
SF:src/views/Rooms/Rooms.js
FN:17,(anonymous_0)
FN:23,(anonymous_1)
FN:42,(anonymous_2)
FN:47,(anonymous_3)
FN:48,(anonymous_4)
FN:49,(anonymous_5)
FN:52,handleModeChange
FN:57,(anonymous_7)
FN:65,(anonymous_8)
FN:66,(anonymous_9)
FN:102,(anonymous_10)
FN:106,(anonymous_11)
FN:138,(anonymous_12)
FN:151,(anonymous_13)
FN:193,(anonymous_14)
FN:201,(anonymous_15)
FN:255,(anonymous_16)
FNF:17
FNH:11
FNDA:2,(anonymous_0)
FNDA:0,(anonymous_1)
FNDA:31,(anonymous_2)
FNDA:31,(anonymous_3)
FNDA:31,(anonymous_4)
FNDA:31,(anonymous_5)
FNDA:0,handleModeChange
FNDA:1,(anonymous_7)
FNDA:0,(anonymous_8)
FNDA:0,(anonymous_9)
FNDA:7,(anonymous_10)
FNDA:7,(anonymous_11)
FNDA:22,(anonymous_12)
FNDA:1,(anonymous_13)
FNDA:0,(anonymous_14)
FNDA:0,(anonymous_15)
FNDA:1,(anonymous_16)
DA:17,1
DA:18,2
DA:23,0
DA:42,1
DA:43,31
DA:44,31
DA:45,31
DA:46,31
DA:47,31
DA:48,31
DA:49,31
DA:50,31
DA:53,0
DA:54,0
DA:57,31
DA:58,1
DA:59,0
DA:61,1
DA:65,31
DA:66,0
DA:67,0
DA:68,0
DA:69,0
DA:78,0
DA:79,0
DA:88,0
DA:89,0
DA:98,0
DA:102,31
DA:103,7
DA:106,31
DA:107,7
DA:108,0
DA:119,31
DA:139,22
DA:151,1
DA:193,0
DA:201,0
DA:256,1
LF:39
LH:23
BRDA:58,0,0,0
BRDA:58,0,1,1
BRDA:58,1,0,1
BRDA:58,1,1,1
BRDA:58,1,2,1
BRDA:67,2,0,0
BRDA:67,2,1,0
BRDA:68,3,0,0
BRDA:68,3,1,0
BRDA:78,4,0,0
BRDA:78,4,1,0
BRDA:88,5,0,0
BRDA:88,5,1,0
BRDA:88,6,0,0
BRDA:88,6,1,0
BRDA:107,7,0,0
BRDA:107,7,1,7
BRDA:157,8,0,31
BRDA:157,8,1,0
BRDA:182,9,0,1
BRDA:182,9,1,30
BRDA:233,10,0,31
BRDA:233,10,1,0
BRDA:254,11,0,1
BRDA:254,11,1,30
BRF:25
BRH:11
end_of_record
